<?xml version="1.0" encoding="UTF-8"?>
<testsuite xmlns:xsi="http://www.w3.org/2001/XMLSchema-instance" xsi:noNamespaceSchemaLocation="https://maven.apache.org/surefire/maven-surefire-plugin/xsd/surefire-test-report-3.0.xsd" version="3.0" name="com.Photography.PhotographyPortfolioApplicationTests" time="12.242" tests="1" errors="0" skipped="0" failures="0">
  <properties>
[...]
</properties>
  <testcase name="contextLoads" classname="com.Photography.PhotographyPortfolioApplicationTests" time="2.46">
    <system-out><![CDATA[13:39:53.673 [main] INFO org.springframework.test.context.support.AnnotationConfigContextLoaderUtils -- Could not detect default configuration classes for test class [com.Photography.PhotographyPortfolioApplicationTests]: PhotographyPortfolioApplicationTests does not declare any static, non-private, non-final, nested classes annotated with @Configuration.
13:39:54.116 [main] INFO org.springframework.boot.test.context.SpringBootTestContextBootstrapper -- Found @SpringBootConfiguration com.Photography.PhotographyPortfolioApplication for test class com.Photography.PhotographyPortfolioApplicationTests
13:39:54.752 [main] INFO org.springframework.boot.devtools.restart.RestartApplicationListener -- Restart disabled due to context in which it is running

  .   ____          _            __ _ _
 /\\ / ___'_ __ _ _(_)_ __  __ _ \ \ \ \
( ( )\___ | '_ | '_| | '_ \/ _` | \ \ \ \
 \\/  ___)| |_)| | | | | || (_| |  ) ) ) )
  '  |____| .__|_| |_|_| |_\__, | / / / /
 =========|_|==============|___/=/_/_/_/
 :: Spring Boot ::                (v3.2.7)

2024-06-27T13:39:55.532+05:30  INFO 13212 --- [           main] c.P.PhotographyPortfolioApplicationTests : Starting PhotographyPortfolioApplicationTests using Java 17.0.8.1 with PID 13212 (started by Windows in D:\Spring (Eclipse)\PhotographyPortfolio)
2024-06-27T13:39:55.536+05:30  INFO 13212 --- [           main] c.P.PhotographyPortfolioApplicationTests : No active profile set, falling back to 1 default profile: "default"
2024-06-27T13:39:58.100+05:30  INFO 13212 --- [           main] .s.d.r.c.RepositoryConfigurationDelegate : Bootstrapping Spring Data MongoDB repositories in DEFAULT mode.
2024-06-27T13:39:58.348+05:30  INFO 13212 --- [           main] .s.d.r.c.RepositoryConfigurationDelegate : Finished Spring Data repository scanning in 232 ms. Found 3 MongoDB repository interfaces.
2024-06-27T13:39:59.965+05:30  INFO 13212 --- [           main] org.mongodb.driver.client                : MongoClient with metadata {"driver": {"name": "mongo-java-driver|sync|spring-boot", "version": "4.11.2"}, "os": {"type": "Windows", "name": "Windows 11", "architecture": "amd64", "version": "10.0"}, "platform": "Java/Eclipse Adoptium/17.0.8.1+1"} created with settings MongoClientSettings{readPreference=primary, writeConcern=WriteConcern{w=null, wTimeout=null ms, journal=null}, retryWrites=true, retryReads=true, readConcern=ReadConcern{level=null}, credential=MongoCredential{mechanism=null, userName='root', source='admin', password=<hidden>, mechanismProperties=<hidden>}, transportSettings=null, streamFactoryFactory=null, commandListeners=[], codecRegistry=ProvidersCodecRegistry{codecProviders=[ValueCodecProvider{}, BsonValueCodecProvider{}, DBRefCodecProvider{}, DBObjectCodecProvider{}, DocumentCodecProvider{}, CollectionCodecProvider{}, IterableCodecProvider{}, MapCodecProvider{}, GeoJsonCodecProvider{}, GridFSFileCodecProvider{}, Jsr310CodecProvider{}, JsonObjectCodecProvider{}, BsonCodecProvider{}, EnumCodecProvider{}, com.mongodb.client.model.mql.ExpressionCodecProvider@1a2e0d57, com.mongodb.Jep395RecordCodecProvider@5f025000, com.mongodb.KotlinCodecProvider@10980560]}, loggerSettings=LoggerSettings{maxDocumentLength=1000}, clusterSettings={hosts=[127.0.0.1:27017], srvHost=cluster0.1t6qy2b.mongodb.net, srvServiceName=mongodb, mode=MULTIPLE, requiredClusterType=REPLICA_SET, requiredReplicaSetName='atlas-2ri5b8-shard-0', serverSelector='null', clusterListeners='[]', serverSelectionTimeout='30000 ms', localThreshold='15 ms'}, socketSettings=SocketSettings{connectTimeoutMS=10000, readTimeoutMS=0, receiveBufferSize=0, proxySettings=ProxySettings{host=null, port=null, username=null, password=null}}, heartbeatSocketSettings=SocketSettings{connectTimeoutMS=10000, readTimeoutMS=10000, receiveBufferSize=0, proxySettings=ProxySettings{host=null, port=null, username=null, password=null}}, connectionPoolSettings=ConnectionPoolSettings{maxSize=100, minSize=0, maxWaitTimeMS=120000, maxConnectionLifeTimeMS=0, maxConnectionIdleTimeMS=0, maintenanceInitialDelayMS=0, maintenanceFrequencyMS=60000, connectionPoolListeners=[], maxConnecting=2}, serverSettings=ServerSettings{heartbeatFrequencyMS=10000, minHeartbeatFrequencyMS=500, serverListeners='[]', serverMonitorListeners='[]'}, sslSettings=SslSettings{enabled=true, invalidHostNameAllowed=false, context=null}, applicationName='null', compressorList=[], uuidRepresentation=JAVA_LEGACY, serverApi=null, autoEncryptionSettings=null, dnsClient=null, inetAddressResolver=null, contextProvider=null}
2024-06-27T13:40:00.274+05:30  INFO 13212 --- [y2b.mongodb.net] org.mongodb.driver.cluster               : Adding discovered server ac-5gsf8na-shard-00-02.1t6qy2b.mongodb.net:27017 to client view of cluster
2024-06-27T13:40:00.362+05:30  INFO 13212 --- [y2b.mongodb.net] org.mongodb.driver.cluster               : Adding discovered server ac-5gsf8na-shard-00-01.1t6qy2b.mongodb.net:27017 to client view of cluster
2024-06-27T13:40:00.368+05:30  INFO 13212 --- [y2b.mongodb.net] org.mongodb.driver.cluster               : Adding discovered server ac-5gsf8na-shard-00-00.1t6qy2b.mongodb.net:27017 to client view of cluster
2024-06-27T13:40:01.959+05:30  INFO 13212 --- [           main] o.s.s.web.DefaultSecurityFilterChain     : Will secure any request with [org.springframework.security.web.session.DisableEncodeUrlFilter@6249a08d, org.springframework.security.web.context.request.async.WebAsyncManagerIntegrationFilter@36525ab, org.springframework.security.web.context.SecurityContextHolderFilter@464400b3, org.springframework.security.web.header.HeaderWriterFilter@636dbfe7, org.springframework.web.filter.CorsFilter@27438750, org.springframework.security.web.authentication.logout.LogoutFilter@131ba005, com.Photography.config.JwtFilter@39851c5, org.springframework.security.web.authentication.www.BasicAuthenticationFilter@21280cbb, org.springframework.security.web.savedrequest.RequestCacheAwareFilter@37d6dddc, org.springframework.security.web.servletapi.SecurityContextHolderAwareRequestFilter@6723cce7, org.springframework.security.web.authentication.AnonymousAuthenticationFilter@2c7ad4f3, org.springframework.security.web.session.SessionManagementFilter@6ace919c, org.springframework.security.web.access.ExceptionTranslationFilter@1d637673, org.springframework.security.web.access.intercept.AuthorizationFilter@7d088813]
2024-06-27T13:40:02.770+05:30  INFO 13212 --- [ngodb.net:27017] org.mongodb.driver.cluster               : Monitor thread successfully connected to server with description ServerDescription{address=ac-5gsf8na-shard-00-01.1t6qy2b.mongodb.net:27017, type=REPLICA_SET_SECONDARY, state=CONNECTED, ok=true, minWireVersion=0, maxWireVersion=21, maxDocumentSize=16777216, logicalSessionTimeoutMinutes=30, roundTripTimeNanos=623428800, setName='atlas-2ri5b8-shard-0', canonicalAddress=ac-5gsf8na-shard-00-01.1t6qy2b.mongodb.net:27017, hosts=[ac-5gsf8na-shard-00-01.1t6qy2b.mongodb.net:27017, ac-5gsf8na-shard-00-02.1t6qy2b.mongodb.net:27017, ac-5gsf8na-shard-00-00.1t6qy2b.mongodb.net:27017], passives=[], arbiters=[], primary='ac-5gsf8na-shard-00-02.1t6qy2b.mongodb.net:27017', tagSet=TagSet{[Tag{name='availabilityZone', value='aps1-az3'}, Tag{name='diskState', value='READY'}, Tag{name='nodeType', value='ELECTABLE'}, Tag{name='provider', value='AWS'}, Tag{name='region', value='AP_SOUTH_1'}, Tag{name='workloadType', value='OPERATIONAL'}]}, electionId=null, setVersion=123, topologyVersion=TopologyVersion{processId=667c0165d48169155d06dcc8, counter=3}, lastWriteDate=Thu Jun 27 13:40:00 IST 2024, lastUpdateTimeNanos=1127756008500}
2024-06-27T13:40:02.771+05:30  INFO 13212 --- [ngodb.net:27017] org.mongodb.driver.cluster               : Monitor thread successfully connected to server with description ServerDescription{address=ac-5gsf8na-shard-00-00.1t6qy2b.mongodb.net:27017, type=REPLICA_SET_SECONDARY, state=CONNECTED, ok=true, minWireVersion=0, maxWireVersion=21, maxDocumentSize=16777216, logicalSessionTimeoutMinutes=30, roundTripTimeNanos=418980100, setName='atlas-2ri5b8-shard-0', canonicalAddress=ac-5gsf8na-shard-00-00.1t6qy2b.mongodb.net:27017, hosts=[ac-5gsf8na-shard-00-01.1t6qy2b.mongodb.net:27017, ac-5gsf8na-shard-00-02.1t6qy2b.mongodb.net:27017, ac-5gsf8na-shard-00-00.1t6qy2b.mongodb.net:27017], passives=[], arbiters=[], primary='ac-5gsf8na-shard-00-02.1t6qy2b.mongodb.net:27017', tagSet=TagSet{[Tag{name='availabilityZone', value='aps1-az1'}, Tag{name='diskState', value='READY'}, Tag{name='nodeType', value='ELECTABLE'}, Tag{name='provider', value='AWS'}, Tag{name='region', value='AP_SOUTH_1'}, Tag{name='workloadType', value='OPERATIONAL'}]}, electionId=null, setVersion=123, topologyVersion=TopologyVersion{processId=667c00334957f51f7369a17f, counter=4}, lastWriteDate=Thu Jun 27 13:40:00 IST 2024, lastUpdateTimeNanos=1127756064600}
2024-06-27T13:40:02.771+05:30  INFO 13212 --- [ngodb.net:27017] org.mongodb.driver.cluster               : Monitor thread successfully connected to server with description ServerDescription{address=ac-5gsf8na-shard-00-02.1t6qy2b.mongodb.net:27017, type=REPLICA_SET_PRIMARY, state=CONNECTED, ok=true, minWireVersion=0, maxWireVersion=21, maxDocumentSize=16777216, logicalSessionTimeoutMinutes=30, roundTripTimeNanos=543807000, setName='atlas-2ri5b8-shard-0', canonicalAddress=ac-5gsf8na-shard-00-02.1t6qy2b.mongodb.net:27017, hosts=[ac-5gsf8na-shard-00-01.1t6qy2b.mongodb.net:27017, ac-5gsf8na-shard-00-02.1t6qy2b.mongodb.net:27017, ac-5gsf8na-shard-00-00.1t6qy2b.mongodb.net:27017], passives=[], arbiters=[], primary='ac-5gsf8na-shard-00-02.1t6qy2b.mongodb.net:27017', tagSet=TagSet{[Tag{name='availabilityZone', value='aps1-az2'}, Tag{name='diskState', value='READY'}, Tag{name='nodeType', value='ELECTABLE'}, Tag{name='provider', value='AWS'}, Tag{name='region', value='AP_SOUTH_1'}, Tag{name='workloadType', value='OPERATIONAL'}]}, electionId=7fffffff00000000000001e1, setVersion=123, topologyVersion=TopologyVersion{processId=667bff3cacf0961dd38d3a8d, counter=6}, lastWriteDate=Thu Jun 27 13:40:00 IST 2024, lastUpdateTimeNanos=1127756208300}
2024-06-27T13:40:02.780+05:30  INFO 13212 --- [ngodb.net:27017] org.mongodb.driver.cluster               : Discovered replica set primary ac-5gsf8na-shard-00-02.1t6qy2b.mongodb.net:27017 with max election id 7fffffff00000000000001e1 and max set version 123
2024-06-27T13:40:02.816+05:30  INFO 13212 --- [           main] c.P.PhotographyPortfolioApplicationTests : Started PhotographyPortfolioApplicationTests in 8.122 seconds (process running for 12.015)
]]></system-out>
  </testcase>
</testsuite>